0 info it worked if it ends with ok
1 verbose cli [ 'C:\\Program Files\\nodejs\\node.exe',
1 verbose cli   'C:\\Users\\Mario\\AppData\\Roaming\\npm\\node_modules\\npm\\bin\\npm-cli.js',
1 verbose cli   'start' ]
2 info using npm@3.5.2
3 info using node@v4.2.4
4 verbose run-script [ 'prestart', 'start', 'poststart' ]
5 info lifecycle service@1.0.0~prestart: service@1.0.0
6 silly lifecycle service@1.0.0~prestart: no script for prestart, continuing
7 info lifecycle service@1.0.0~start: service@1.0.0
8 verbose lifecycle service@1.0.0~start: unsafe-perm in lifecycle true
9 verbose lifecycle service@1.0.0~start: PATH: C:\Users\Mario\AppData\Roaming\npm\node_modules\npm\bin\node-gyp-bin;C:\Users\Mario\Documents\GitHub\League\service\node_modules\.bin;C:\Users\Mario\bin;C:\Program Files\Git\mingw64\bin;C:\Program Files\Git\usr\local\bin;C:\Program Files\Git\usr\bin;C:\Program Files\Git\usr\bin;C:\Program Files\Git\mingw64\bin;C:\Program Files\Git\usr\bin;C:\Users\Mario\bin;C:\ProgramData\Oracle\Java\javapath;C:\Windows\system32;C:\Windows;C:\Windows\System32\Wbem;C:\Windows\System32\WindowsPowerShell\v1.0;C:\Program Files (x86)\ATI Technologies\ATI.ACE\Core-Static;C:\Program Files (x86)\AMD\ATI.ACE\Core-Static;C:\Program Files\apache-maven-3.3.3\bin;C:\Windows\system32\config\systemprofile\.dnx\bin;C:\Program Files\Microsoft DNX\Dnvm;C:\Program Files\Microsoft SQL Server\110\Tools\Binn;C:\Program Files\apache-ant-1.9.6\bin;C:\Program Files (x86)\Windows Kits\8.1\Windows Performance Toolkit;C:\Python27;C:\Users\Mario\AppData\Roaming\npm;C:\Program Files\nodejs;C:\Program Files\nodejs;C:\Users\Mario\AppData\Local\GitHub\PortableGit_c7e0cbde92ba565cb218a521411d0e854079a28c\cmd;C:\Users\Mario\AppData\Roaming\npm;C:\Users\Mario\AppData\Local\atom\bin;C:\Program Files\Git\usr\bin\vendor_perl;C:\Program Files\Git\usr\bin\core_perl
10 verbose lifecycle service@1.0.0~start: CWD: C:\Users\Mario\Documents\GitHub\League\service
11 silly lifecycle service@1.0.0~start: Args: [ '/d /s /c', 'node ./bin/www' ]
12 silly lifecycle service@1.0.0~start: Returned: code: 1  signal: null
13 info lifecycle service@1.0.0~start: Failed to exec start script
14 verbose stack Error: service@1.0.0 start: `node ./bin/www`
14 verbose stack Exit status 1
14 verbose stack     at EventEmitter.<anonymous> (C:\Users\Mario\AppData\Roaming\npm\node_modules\npm\lib\utils\lifecycle.js:232:16)
14 verbose stack     at emitTwo (events.js:87:13)
14 verbose stack     at EventEmitter.emit (events.js:172:7)
14 verbose stack     at ChildProcess.<anonymous> (C:\Users\Mario\AppData\Roaming\npm\node_modules\npm\lib\utils\spawn.js:24:14)
14 verbose stack     at emitTwo (events.js:87:13)
14 verbose stack     at ChildProcess.emit (events.js:172:7)
14 verbose stack     at maybeClose (internal/child_process.js:818:16)
14 verbose stack     at Process.ChildProcess._handle.onexit (internal/child_process.js:211:5)
15 verbose pkgid service@1.0.0
16 verbose cwd C:\Users\Mario\Documents\GitHub\League\service
17 error Windows_NT 10.0.10240
18 error argv "C:\\Program Files\\nodejs\\node.exe" "C:\\Users\\Mario\\AppData\\Roaming\\npm\\node_modules\\npm\\bin\\npm-cli.js" "start"
19 error node v4.2.4
20 error npm  v3.5.2
21 error code ELIFECYCLE
22 error service@1.0.0 start: `node ./bin/www`
22 error Exit status 1
23 error Failed at the service@1.0.0 start script 'node ./bin/www'.
23 error Make sure you have the latest version of node.js and npm installed.
23 error If you do, this is most likely a problem with the service package,
23 error not with npm itself.
23 error Tell the author that this fails on your system:
23 error     node ./bin/www
23 error You can get information on how to open an issue for this project with:
23 error     npm bugs service
23 error Or if that isn't available, you can get their info via:
23 error     npm owner ls service
23 error There is likely additional logging output above.
24 verbose exit [ 1, true ]
